04-07-2025 13:36:18 PM:__main__ - Error parsing date: unconverted data remains: 25
04-07-2025 13:36:18 PM:__main__ - Error parsing date: unconverted data remains: 25
04-07-2025 13:36:18 PM:__main__ - Error parsing date: unconverted data remains: 25
04-07-2025 13:36:18 PM:__main__ - Error parsing date: unconverted data remains: 25
04-07-2025 13:36:18 PM:__main__ - Error parsing date: unconverted data remains: 25
04-07-2025 13:36:18 PM:__main__ - Error parsing date: unconverted data remains: 25
04-07-2025 13:36:18 PM:__main__ - Error parsing date: unconverted data remains: 25
04-07-2025 13:36:18 PM:__main__ - Error parsing date: unconverted data remains: 25
04-07-2025 13:36:18 PM:__main__ - Error parsing date: unconverted data remains: 25
04-07-2025 13:36:18 PM:__main__ - Error parsing date: unconverted data remains: 25
04-07-2025 13:36:18 PM:__main__ - Error parsing date: unconverted data remains: 25
04-07-2025 13:36:18 PM:__main__ - Error parsing date: unconverted data remains: 25
04-07-2025 13:36:18 PM:__main__ - Error parsing date: unconverted data remains: 25
04-07-2025 13:36:18 PM:__main__ - Error parsing date: unconverted data remains: 25
04-07-2025 13:36:18 PM:__main__ - Error parsing date: unconverted data remains: 25
04-07-2025 13:36:18 PM:__main__ - Error parsing date: unconverted data remains: 25
04-07-2025 13:36:18 PM:__main__ - Error parsing date: unconverted data remains: 25
04-07-2025 13:36:18 PM:__main__ - Error parsing date: unconverted data remains: 25
04-07-2025 13:36:18 PM:__main__ - Error parsing date: unconverted data remains: 25
04-07-2025 13:36:18 PM:__main__ - Error parsing date: time data '' does not match format '%d/%m/%y'
04-07-2025 13:38:25 PM:__main__ - Error parsing date: unconverted data remains: 25
04-07-2025 13:38:25 PM:__main__ - Error parsing date: unconverted data remains: 25
04-07-2025 13:38:25 PM:__main__ - Error parsing date: unconverted data remains: 25
04-07-2025 13:38:25 PM:__main__ - Error parsing date: unconverted data remains: 25
04-07-2025 13:38:25 PM:__main__ - Error parsing date: unconverted data remains: 25
04-07-2025 13:38:25 PM:__main__ - Error parsing date: unconverted data remains: 25
04-07-2025 13:38:25 PM:__main__ - Error parsing date: unconverted data remains: 25
04-07-2025 13:38:25 PM:__main__ - Error parsing date: unconverted data remains: 25
04-07-2025 13:38:25 PM:__main__ - Error parsing date: unconverted data remains: 25
04-07-2025 13:38:25 PM:__main__ - Error parsing date: unconverted data remains: 25
04-07-2025 13:38:25 PM:__main__ - Error parsing date: unconverted data remains: 25
04-07-2025 13:38:25 PM:__main__ - Error parsing date: unconverted data remains: 25
04-07-2025 13:38:25 PM:__main__ - Error parsing date: unconverted data remains: 25
04-07-2025 13:38:25 PM:__main__ - Error parsing date: unconverted data remains: 25
04-07-2025 13:38:25 PM:__main__ - Error parsing date: unconverted data remains: 25
04-07-2025 13:38:25 PM:__main__ - Error parsing date: unconverted data remains: 25
04-07-2025 13:38:25 PM:__main__ - Error parsing date: unconverted data remains: 25
04-07-2025 13:38:25 PM:__main__ - Error parsing date: unconverted data remains: 25
04-07-2025 13:38:25 PM:__main__ - Error parsing date: unconverted data remains: 25
04-07-2025 13:38:25 PM:__main__ - Error parsing date: time data '' does not match format '%d/%m/%y'
04-07-2025 13:40:23 PM:__main__ - Error parsing date: unconverted data remains: 25
04-07-2025 13:40:23 PM:__main__ - Error parsing date: unconverted data remains: 25
04-07-2025 13:40:23 PM:__main__ - Error parsing date: unconverted data remains: 25
04-07-2025 13:40:23 PM:__main__ - Error parsing date: unconverted data remains: 25
04-07-2025 13:40:23 PM:__main__ - Error parsing date: unconverted data remains: 25
04-07-2025 13:40:23 PM:__main__ - Error parsing date: unconverted data remains: 25
04-07-2025 13:40:23 PM:__main__ - Error parsing date: unconverted data remains: 25
04-07-2025 13:40:23 PM:__main__ - Error parsing date: unconverted data remains: 25
04-07-2025 13:40:23 PM:__main__ - Error parsing date: unconverted data remains: 25
04-07-2025 13:40:23 PM:__main__ - Error parsing date: unconverted data remains: 25
04-07-2025 13:40:23 PM:__main__ - Error parsing date: unconverted data remains: 25
04-07-2025 13:40:23 PM:__main__ - Error parsing date: unconverted data remains: 25
04-07-2025 13:40:23 PM:__main__ - Error parsing date: unconverted data remains: 25
04-07-2025 13:40:23 PM:__main__ - Error parsing date: unconverted data remains: 25
04-07-2025 13:40:23 PM:__main__ - Error parsing date: unconverted data remains: 25
04-07-2025 13:40:23 PM:__main__ - Error parsing date: unconverted data remains: 25
04-07-2025 13:40:23 PM:__main__ - Error parsing date: unconverted data remains: 25
04-07-2025 13:40:23 PM:__main__ - Error parsing date: unconverted data remains: 25
04-07-2025 13:40:23 PM:__main__ - Error parsing date: unconverted data remains: 25
04-07-2025 13:40:23 PM:__main__ - Error parsing date: time data '' does not match format '%d/%m/%y'
04-07-2025 13:50:58 PM:__main__ - Error parsing date: time data '' does not match format '%d/%m/%Y'
04-07-2025 13:51:36 PM:__main__ - {'detail': 'Signature has expired'}
04-07-2025 13:51:52 PM:__main__ - Error parsing date: time data '' does not match format '%d/%m/%Y'
04-07-2025 14:00:05 PM:kalendar - from:127.0.0.1,url:http://localhost:5000/calendar
04-07-2025 14:00:08 PM:kalendar - from:127.0.0.1,url:http://localhost:5000/calendar/api/all
04-07-2025 14:01:52 PM:__main__ - event store success
04-07-2025 14:01:52 PM:__main__ - Event stored: Test, Hari ini Test, 1, 2, 0, {"date":{"day":1,"month":2,"year":2}}
04-07-2025 14:05:23 PM:__main__ - event store success
04-07-2025 14:05:23 PM:__main__ - Event stored: Test, Hari ini Test, 1, 2, 0, {"date":{"day":1,"month":2,"year":2026}}
04-08-2025 10:40:56 AM:__main__ - User:{'createdBy': -1, 'createdDate': '2024-04-01T00:57:11.279954', 'email': 'syukurz87@gmail.com', 'id': 4, 'isAdmin': True, 'publicId': '266b140c-f5c9-4beb-9a7a-07dc894dfdcc', 'username': 'admin'}
04-08-2025 10:41:13 AM:kalendar - from:127.0.0.1,url:http://localhost:5000/calendar
04-08-2025 10:41:15 AM:kalendar - from:127.0.0.1,url:http://localhost:5000/calendar/api/all
